<?xml version="1.0" encoding="UTF-8"?>
<coverage generated="1632090284389" clover="3.2.0">
  <project timestamp="1632090284389" name="All files">
    <metrics statements="77" coveredstatements="55" conditionals="50" coveredconditionals="28" methods="11" coveredmethods="8" elements="138" coveredelements="91" complexity="0" loc="77" ncloc="77" packages="1" files="1" classes="1"/>
    <file name="template.ts" path="D:\desktop\Новая папка\src\ts\template.ts">
      <metrics statements="77" coveredstatements="55" conditionals="50" coveredconditionals="28" methods="11" coveredmethods="8"/>
      <line num="1" count="1" type="stmt"/>
      <line num="2" count="0" type="stmt"/>
      <line num="3" count="0" type="stmt"/>
      <line num="7" count="0" type="stmt"/>
      <line num="8" count="0" type="stmt"/>
      <line num="10" count="0" type="cond" truecount="0" falsecount="2"/>
      <line num="11" count="0" type="stmt"/>
      <line num="12" count="0" type="stmt"/>
      <line num="13" count="0" type="stmt"/>
      <line num="17" count="0" type="cond" truecount="0" falsecount="2"/>
      <line num="18" count="0" type="stmt"/>
      <line num="19" count="0" type="cond" truecount="0" falsecount="2"/>
      <line num="20" count="0" type="stmt"/>
      <line num="21" count="0" type="cond" truecount="0" falsecount="2"/>
      <line num="22" count="0" type="stmt"/>
      <line num="26" count="0" type="stmt"/>
      <line num="27" count="0" type="stmt"/>
      <line num="29" count="0" type="cond" truecount="0" falsecount="2"/>
      <line num="38" count="0" type="stmt"/>
      <line num="39" count="0" type="cond" truecount="0" falsecount="2"/>
      <line num="40" count="0" type="stmt"/>
      <line num="41" count="0" type="cond" truecount="0" falsecount="2"/>
      <line num="42" count="0" type="stmt"/>
      <line num="48" count="1" type="stmt"/>
      <line num="52" count="1" type="stmt"/>
      <line num="56" count="1" type="stmt"/>
      <line num="60" count="1" type="stmt"/>
      <line num="63" count="1" type="stmt"/>
      <line num="64" count="59" type="cond" truecount="4" falsecount="0"/>
      <line num="65" count="6" type="stmt"/>
      <line num="66" count="6" type="stmt"/>
      <line num="67" count="6" type="stmt"/>
      <line num="72" count="1" type="stmt"/>
      <line num="75" count="1" type="stmt"/>
      <line num="78" count="1" type="stmt"/>
      <line num="82" count="1" type="cond" truecount="1" falsecount="1"/>
      <line num="84" count="1" type="stmt"/>
      <line num="88" count="10" type="stmt"/>
      <line num="89" count="38" type="cond" truecount="4" falsecount="0"/>
      <line num="90" count="12" type="stmt"/>
      <line num="91" count="12" type="stmt"/>
      <line num="93" count="12" type="stmt"/>
      <line num="95" count="12" type="cond" truecount="2" falsecount="0"/>
      <line num="96" count="7" type="stmt"/>
      <line num="98" count="5" type="stmt"/>
      <line num="101" count="12" type="stmt"/>
      <line num="102" count="12" type="stmt"/>
      <line num="108" count="10" type="stmt"/>
      <line num="109" count="15" type="cond" truecount="4" falsecount="0"/>
      <line num="110" count="5" type="stmt"/>
      <line num="111" count="5" type="stmt"/>
      <line num="113" count="5" type="stmt"/>
      <line num="115" count="5" type="cond" truecount="2" falsecount="0"/>
      <line num="116" count="2" type="stmt"/>
      <line num="118" count="3" type="stmt"/>
      <line num="121" count="5" type="stmt"/>
      <line num="122" count="5" type="stmt"/>
      <line num="128" count="83" type="cond" truecount="5" falsecount="0"/>
      <line num="129" count="30" type="stmt"/>
      <line num="131" count="53" type="stmt"/>
      <line num="135" count="3" type="stmt"/>
      <line num="136" count="32" type="cond" truecount="2" falsecount="0"/>
      <line num="137" count="9" type="stmt"/>
      <line num="138" count="9" type="stmt"/>
      <line num="139" count="48" type="cond" truecount="2" falsecount="0"/>
      <line num="140" count="2" type="stmt"/>
      <line num="141" count="2" type="stmt"/>
      <line num="144" count="48" type="cond" truecount="2" falsecount="0"/>
      <line num="145" count="9" type="stmt"/>
      <line num="146" count="9" type="stmt"/>
      <line num="150" count="9" type="stmt"/>
      <line num="151" count="9" type="stmt"/>
      <line num="152" count="9" type="stmt"/>
      <line num="153" count="9" type="stmt"/>
      <line num="154" count="9" type="stmt"/>
      <line num="155" count="9" type="stmt"/>
      <line num="162" count="1" type="stmt"/>
    </file>
  </project>
</coverage>
