{"D:\\desktop\\Новая папка\\src\\ts\\template.ts": {"path":"D:\\desktop\\Новая папка\\src\\ts\\template.ts","statementMap":{"0":{"start":{"line":1,"column":0},"end":{"line":45,"column":3}},"1":{"start":{"line":2,"column":21},"end":{"line":2,"column":79}},"2":{"start":{"line":3,"column":27},"end":{"line":5,"column":21}},"3":{"start":{"line":7,"column":2},"end":{"line":24,"column":5}},"4":{"start":{"line":8,"column":19},"end":{"line":8,"column":49}},"5":{"start":{"line":10,"column":4},"end":{"line":23,"column":5}},"6":{"start":{"line":11,"column":18},"end":{"line":11,"column":72}},"7":{"start":{"line":12,"column":23},"end":{"line":12,"column":50}},"8":{"start":{"line":13,"column":6},"end":{"line":16,"column":8}},"9":{"start":{"line":17,"column":11},"end":{"line":23,"column":5}},"10":{"start":{"line":18,"column":6},"end":{"line":18,"column":74}},"11":{"start":{"line":19,"column":11},"end":{"line":23,"column":5}},"12":{"start":{"line":20,"column":6},"end":{"line":20,"column":43}},"13":{"start":{"line":21,"column":11},"end":{"line":23,"column":5}},"14":{"start":{"line":22,"column":6},"end":{"line":22,"column":73}},"15":{"start":{"line":26,"column":2},"end":{"line":44,"column":5}},"16":{"start":{"line":27,"column":16},"end":{"line":27,"column":25}},"17":{"start":{"line":29,"column":4},"end":{"line":43,"column":5}},"18":{"start":{"line":38,"column":6},"end":{"line":38,"column":76}},"19":{"start":{"line":39,"column":11},"end":{"line":43,"column":5}},"20":{"start":{"line":40,"column":6},"end":{"line":40,"column":74}},"21":{"start":{"line":41,"column":11},"end":{"line":43,"column":5}},"22":{"start":{"line":42,"column":6},"end":{"line":42,"column":73}},"23":{"start":{"line":48,"column":2},"end":{"line":48,"column":12}},"24":{"start":{"line":52,"column":2},"end":{"line":52,"column":48}},"25":{"start":{"line":56,"column":2},"end":{"line":56,"column":23}},"26":{"start":{"line":60,"column":25},"end":{"line":60,"column":57}},"27":{"start":{"line":63,"column":2},"end":{"line":69,"column":3}},"28":{"start":{"line":63,"column":15},"end":{"line":63,"column":16}},"29":{"start":{"line":64,"column":4},"end":{"line":68,"column":5}},"30":{"start":{"line":65,"column":6},"end":{"line":65,"column":49}},"31":{"start":{"line":66,"column":6},"end":{"line":66,"column":38}},"32":{"start":{"line":67,"column":6},"end":{"line":67,"column":10}},"33":{"start":{"line":72,"column":2},"end":{"line":72,"column":34}},"34":{"start":{"line":75,"column":2},"end":{"line":75,"column":46}},"35":{"start":{"line":78,"column":2},"end":{"line":78,"column":43}},"36":{"start":{"line":82,"column":4},"end":{"line":82,"column":64}},"37":{"start":{"line":84,"column":2},"end":{"line":84,"column":21}},"38":{"start":{"line":88,"column":2},"end":{"line":104,"column":3}},"39":{"start":{"line":88,"column":15},"end":{"line":88,"column":16}},"40":{"start":{"line":89,"column":4},"end":{"line":103,"column":5}},"41":{"start":{"line":90,"column":16},"end":{"line":90,"column":28}},"42":{"start":{"line":91,"column":16},"end":{"line":91,"column":28}},"43":{"start":{"line":93,"column":19},"end":{"line":93,"column":20}},"44":{"start":{"line":95,"column":6},"end":{"line":99,"column":7}},"45":{"start":{"line":96,"column":8},"end":{"line":96,"column":39}},"46":{"start":{"line":98,"column":8},"end":{"line":98,"column":39}},"47":{"start":{"line":101,"column":6},"end":{"line":101,"column":45}},"48":{"start":{"line":102,"column":6},"end":{"line":102,"column":12}},"49":{"start":{"line":108,"column":2},"end":{"line":124,"column":3}},"50":{"start":{"line":108,"column":15},"end":{"line":108,"column":16}},"51":{"start":{"line":109,"column":4},"end":{"line":123,"column":5}},"52":{"start":{"line":110,"column":16},"end":{"line":110,"column":28}},"53":{"start":{"line":111,"column":16},"end":{"line":111,"column":28}},"54":{"start":{"line":113,"column":19},"end":{"line":113,"column":20}},"55":{"start":{"line":115,"column":6},"end":{"line":119,"column":7}},"56":{"start":{"line":116,"column":8},"end":{"line":116,"column":39}},"57":{"start":{"line":118,"column":8},"end":{"line":118,"column":39}},"58":{"start":{"line":121,"column":6},"end":{"line":121,"column":45}},"59":{"start":{"line":122,"column":6},"end":{"line":122,"column":12}},"60":{"start":{"line":128,"column":2},"end":{"line":130,"column":3}},"61":{"start":{"line":129,"column":4},"end":{"line":129,"column":16}},"62":{"start":{"line":131,"column":2},"end":{"line":131,"column":15}},"63":{"start":{"line":135,"column":2},"end":{"line":159,"column":3}},"64":{"start":{"line":135,"column":15},"end":{"line":135,"column":25}},"65":{"start":{"line":136,"column":4},"end":{"line":158,"column":5}},"66":{"start":{"line":137,"column":33},"end":{"line":137,"column":34}},"67":{"start":{"line":138,"column":6},"end":{"line":157,"column":7}},"68":{"start":{"line":138,"column":19},"end":{"line":138,"column":41}},"69":{"start":{"line":139,"column":8},"end":{"line":142,"column":9}},"70":{"start":{"line":140,"column":37},"end":{"line":140,"column":38}},"71":{"start":{"line":141,"column":10},"end":{"line":141,"column":50}},"72":{"start":{"line":144,"column":8},"end":{"line":156,"column":9}},"73":{"start":{"line":145,"column":35},"end":{"line":145,"column":36}},"74":{"start":{"line":146,"column":27},"end":{"line":149,"column":11}},"75":{"start":{"line":150,"column":33},"end":{"line":150,"column":74}},"76":{"start":{"line":151,"column":10},"end":{"line":151,"column":48}},"77":{"start":{"line":152,"column":10},"end":{"line":152,"column":45}},"78":{"start":{"line":153,"column":35},"end":{"line":153,"column":46}},"79":{"start":{"line":154,"column":10},"end":{"line":154,"column":77}},"80":{"start":{"line":155,"column":10},"end":{"line":155,"column":16}},"81":{"start":{"line":162,"column":0},"end":{"line":162,"column":59}}},"fnMap":{"0":{"name":"(anonymous_0)","decl":{"start":{"line":1,"column":46},"end":{"line":1,"column":47}},"loc":{"start":{"line":1,"column":58},"end":{"line":45,"column":1}},"line":1},"1":{"name":"(anonymous_1)","decl":{"start":{"line":7,"column":39},"end":{"line":7,"column":40}},"loc":{"start":{"line":7,"column":56},"end":{"line":24,"column":3}},"line":7},"2":{"name":"(anonymous_2)","decl":{"start":{"line":26,"column":39},"end":{"line":26,"column":40}},"loc":{"start":{"line":26,"column":56},"end":{"line":44,"column":3}},"line":26},"3":{"name":"clear","decl":{"start":{"line":47,"column":9},"end":{"line":47,"column":14}},"loc":{"start":{"line":47,"column":17},"end":{"line":49,"column":1}},"line":47},"4":{"name":"deleteChar","decl":{"start":{"line":51,"column":9},"end":{"line":51,"column":19}},"loc":{"start":{"line":51,"column":36},"end":{"line":53,"column":1}},"line":51},"5":{"name":"addChar","decl":{"start":{"line":55,"column":9},"end":{"line":55,"column":16}},"loc":{"start":{"line":55,"column":47},"end":{"line":57,"column":1}},"line":55},"6":{"name":"calculate","decl":{"start":{"line":59,"column":9},"end":{"line":59,"column":18}},"loc":{"start":{"line":59,"column":51},"end":{"line":85,"column":1}},"line":59},"7":{"name":"doMultiplicationAndDivision","decl":{"start":{"line":87,"column":9},"end":{"line":87,"column":36}},"loc":{"start":{"line":87,"column":54},"end":{"line":105,"column":1}},"line":87},"8":{"name":"doAdditionAndSubtraction","decl":{"start":{"line":107,"column":9},"end":{"line":107,"column":33}},"loc":{"start":{"line":107,"column":51},"end":{"line":125,"column":1}},"line":107},"9":{"name":"isNumeric","decl":{"start":{"line":127,"column":9},"end":{"line":127,"column":18}},"loc":{"start":{"line":127,"column":30},"end":{"line":132,"column":1}},"line":127},"10":{"name":"doInBrackets","decl":{"start":{"line":134,"column":9},"end":{"line":134,"column":21}},"loc":{"start":{"line":134,"column":59},"end":{"line":160,"column":1}},"line":134}},"branchMap":{"0":{"loc":{"start":{"line":10,"column":4},"end":{"line":23,"column":5}},"type":"if","locations":[{"start":{"line":10,"column":4},"end":{"line":23,"column":5}},{"start":{"line":10,"column":4},"end":{"line":23,"column":5}}],"line":10},"1":{"loc":{"start":{"line":17,"column":11},"end":{"line":23,"column":5}},"type":"if","locations":[{"start":{"line":17,"column":11},"end":{"line":23,"column":5}},{"start":{"line":17,"column":11},"end":{"line":23,"column":5}}],"line":17},"2":{"loc":{"start":{"line":19,"column":11},"end":{"line":23,"column":5}},"type":"if","locations":[{"start":{"line":19,"column":11},"end":{"line":23,"column":5}},{"start":{"line":19,"column":11},"end":{"line":23,"column":5}}],"line":19},"3":{"loc":{"start":{"line":21,"column":11},"end":{"line":23,"column":5}},"type":"if","locations":[{"start":{"line":21,"column":11},"end":{"line":23,"column":5}},{"start":{"line":21,"column":11},"end":{"line":23,"column":5}}],"line":21},"4":{"loc":{"start":{"line":29,"column":4},"end":{"line":43,"column":5}},"type":"if","locations":[{"start":{"line":29,"column":4},"end":{"line":43,"column":5}},{"start":{"line":29,"column":4},"end":{"line":43,"column":5}}],"line":29},"5":{"loc":{"start":{"line":30,"column":6},"end":{"line":36,"column":17}},"type":"binary-expr","locations":[{"start":{"line":30,"column":6},"end":{"line":30,"column":17}},{"start":{"line":31,"column":6},"end":{"line":31,"column":17}},{"start":{"line":32,"column":6},"end":{"line":32,"column":17}},{"start":{"line":33,"column":6},"end":{"line":33,"column":17}},{"start":{"line":34,"column":6},"end":{"line":34,"column":17}},{"start":{"line":35,"column":6},"end":{"line":35,"column":17}},{"start":{"line":36,"column":6},"end":{"line":36,"column":17}}],"line":30},"6":{"loc":{"start":{"line":39,"column":11},"end":{"line":43,"column":5}},"type":"if","locations":[{"start":{"line":39,"column":11},"end":{"line":43,"column":5}},{"start":{"line":39,"column":11},"end":{"line":43,"column":5}}],"line":39},"7":{"loc":{"start":{"line":41,"column":11},"end":{"line":43,"column":5}},"type":"if","locations":[{"start":{"line":41,"column":11},"end":{"line":43,"column":5}},{"start":{"line":41,"column":11},"end":{"line":43,"column":5}}],"line":41},"8":{"loc":{"start":{"line":64,"column":4},"end":{"line":68,"column":5}},"type":"if","locations":[{"start":{"line":64,"column":4},"end":{"line":68,"column":5}},{"start":{"line":64,"column":4},"end":{"line":68,"column":5}}],"line":64},"9":{"loc":{"start":{"line":64,"column":8},"end":{"line":64,"column":72}},"type":"binary-expr","locations":[{"start":{"line":64,"column":8},"end":{"line":64,"column":36}},{"start":{"line":64,"column":40},"end":{"line":64,"column":72}}],"line":64},"10":{"loc":{"start":{"line":82,"column":4},"end":{"line":82,"column":64}},"type":"cond-expr","locations":[{"start":{"line":82,"column":42},"end":{"line":82,"column":59}},{"start":{"line":82,"column":62},"end":{"line":82,"column":64}}],"line":82},"11":{"loc":{"start":{"line":89,"column":4},"end":{"line":103,"column":5}},"type":"if","locations":[{"start":{"line":89,"column":4},"end":{"line":103,"column":5}},{"start":{"line":89,"column":4},"end":{"line":103,"column":5}}],"line":89},"12":{"loc":{"start":{"line":89,"column":8},"end":{"line":89,"column":44}},"type":"binary-expr","locations":[{"start":{"line":89,"column":8},"end":{"line":89,"column":24}},{"start":{"line":89,"column":28},"end":{"line":89,"column":44}}],"line":89},"13":{"loc":{"start":{"line":95,"column":6},"end":{"line":99,"column":7}},"type":"if","locations":[{"start":{"line":95,"column":6},"end":{"line":99,"column":7}},{"start":{"line":95,"column":6},"end":{"line":99,"column":7}}],"line":95},"14":{"loc":{"start":{"line":109,"column":4},"end":{"line":123,"column":5}},"type":"if","locations":[{"start":{"line":109,"column":4},"end":{"line":123,"column":5}},{"start":{"line":109,"column":4},"end":{"line":123,"column":5}}],"line":109},"15":{"loc":{"start":{"line":109,"column":8},"end":{"line":109,"column":44}},"type":"binary-expr","locations":[{"start":{"line":109,"column":8},"end":{"line":109,"column":24}},{"start":{"line":109,"column":28},"end":{"line":109,"column":44}}],"line":109},"16":{"loc":{"start":{"line":115,"column":6},"end":{"line":119,"column":7}},"type":"if","locations":[{"start":{"line":115,"column":6},"end":{"line":119,"column":7}},{"start":{"line":115,"column":6},"end":{"line":119,"column":7}}],"line":115},"17":{"loc":{"start":{"line":128,"column":2},"end":{"line":130,"column":3}},"type":"if","locations":[{"start":{"line":128,"column":2},"end":{"line":130,"column":3}},{"start":{"line":128,"column":2},"end":{"line":130,"column":3}}],"line":128},"18":{"loc":{"start":{"line":128,"column":6},"end":{"line":128,"column":41}},"type":"binary-expr","locations":[{"start":{"line":128,"column":6},"end":{"line":128,"column":15}},{"start":{"line":128,"column":19},"end":{"line":128,"column":28}},{"start":{"line":128,"column":32},"end":{"line":128,"column":41}}],"line":128},"19":{"loc":{"start":{"line":136,"column":4},"end":{"line":158,"column":5}},"type":"if","locations":[{"start":{"line":136,"column":4},"end":{"line":158,"column":5}},{"start":{"line":136,"column":4},"end":{"line":158,"column":5}}],"line":136},"20":{"loc":{"start":{"line":139,"column":8},"end":{"line":142,"column":9}},"type":"if","locations":[{"start":{"line":139,"column":8},"end":{"line":142,"column":9}},{"start":{"line":139,"column":8},"end":{"line":142,"column":9}}],"line":139},"21":{"loc":{"start":{"line":144,"column":8},"end":{"line":156,"column":9}},"type":"if","locations":[{"start":{"line":144,"column":8},"end":{"line":156,"column":9}},{"start":{"line":144,"column":8},"end":{"line":156,"column":9}}],"line":144}},"s":{"0":1,"1":0,"2":0,"3":0,"4":0,"5":0,"6":0,"7":0,"8":0,"9":0,"10":0,"11":0,"12":0,"13":0,"14":0,"15":0,"16":0,"17":0,"18":0,"19":0,"20":0,"21":0,"22":0,"23":1,"24":1,"25":1,"26":1,"27":1,"28":1,"29":59,"30":6,"31":6,"32":6,"33":1,"34":1,"35":1,"36":1,"37":1,"38":10,"39":10,"40":38,"41":12,"42":12,"43":12,"44":12,"45":7,"46":5,"47":12,"48":12,"49":10,"50":10,"51":15,"52":5,"53":5,"54":5,"55":5,"56":2,"57":3,"58":5,"59":5,"60":83,"61":30,"62":53,"63":3,"64":3,"65":32,"66":9,"67":9,"68":9,"69":48,"70":2,"71":2,"72":48,"73":9,"74":9,"75":9,"76":9,"77":9,"78":9,"79":9,"80":9,"81":1},"f":{"0":0,"1":0,"2":0,"3":1,"4":1,"5":1,"6":1,"7":10,"8":10,"9":83,"10":3},"b":{"0":[0,0],"1":[0,0],"2":[0,0],"3":[0,0],"4":[0,0],"5":[0,0,0,0,0,0,0],"6":[0,0],"7":[0,0],"8":[6,53],"9":[59,24],"10":[1,0],"11":[12,26],"12":[38,31],"13":[7,5],"14":[5,10],"15":[15,13],"16":[2,3],"17":[30,53],"18":[83,54,54],"19":[9,23],"20":[2,46],"21":[9,39]},"_coverageSchema":"1a1c01bbd47fc00a2c39e90264f33305004495a9","hash":"bd9a1e825076b9028742b8dd3f7805f07f9e4658"}
}
