TN:
SF:src\ts\template.ts
FN:1,(anonymous_0)
FN:7,(anonymous_1)
FN:26,(anonymous_2)
FN:47,clear
FN:51,deleteChar
FN:55,addChar
FN:59,calculate
FN:87,doMultiplicationAndDivision
FN:107,doAdditionAndSubtraction
FN:127,isNumeric
FN:134,doInBrackets
FNF:11
FNH:8
FNDA:0,(anonymous_0)
FNDA:0,(anonymous_1)
FNDA:0,(anonymous_2)
FNDA:1,clear
FNDA:1,deleteChar
FNDA:1,addChar
FNDA:1,calculate
FNDA:10,doMultiplicationAndDivision
FNDA:10,doAdditionAndSubtraction
FNDA:83,isNumeric
FNDA:3,doInBrackets
DA:1,1
DA:2,0
DA:3,0
DA:7,0
DA:8,0
DA:10,0
DA:11,0
DA:12,0
DA:13,0
DA:17,0
DA:18,0
DA:19,0
DA:20,0
DA:21,0
DA:22,0
DA:26,0
DA:27,0
DA:29,0
DA:38,0
DA:39,0
DA:40,0
DA:41,0
DA:42,0
DA:48,1
DA:52,1
DA:56,1
DA:60,1
DA:63,1
DA:64,59
DA:65,6
DA:66,6
DA:67,6
DA:72,1
DA:75,1
DA:78,1
DA:82,1
DA:84,1
DA:88,10
DA:89,38
DA:90,12
DA:91,12
DA:93,12
DA:95,12
DA:96,7
DA:98,5
DA:101,12
DA:102,12
DA:108,10
DA:109,15
DA:110,5
DA:111,5
DA:113,5
DA:115,5
DA:116,2
DA:118,3
DA:121,5
DA:122,5
DA:128,83
DA:129,30
DA:131,53
DA:135,3
DA:136,32
DA:137,9
DA:138,9
DA:139,48
DA:140,2
DA:141,2
DA:144,48
DA:145,9
DA:146,9
DA:150,9
DA:151,9
DA:152,9
DA:153,9
DA:154,9
DA:155,9
DA:162,1
LF:77
LH:55
BRDA:10,0,0,0
BRDA:10,0,1,0
BRDA:17,1,0,0
BRDA:17,1,1,0
BRDA:19,2,0,0
BRDA:19,2,1,0
BRDA:21,3,0,0
BRDA:21,3,1,0
BRDA:29,4,0,0
BRDA:29,4,1,0
BRDA:30,5,0,0
BRDA:30,5,1,0
BRDA:30,5,2,0
BRDA:30,5,3,0
BRDA:30,5,4,0
BRDA:30,5,5,0
BRDA:30,5,6,0
BRDA:39,6,0,0
BRDA:39,6,1,0
BRDA:41,7,0,0
BRDA:41,7,1,0
BRDA:64,8,0,6
BRDA:64,8,1,53
BRDA:64,9,0,59
BRDA:64,9,1,24
BRDA:82,10,0,1
BRDA:82,10,1,0
BRDA:89,11,0,12
BRDA:89,11,1,26
BRDA:89,12,0,38
BRDA:89,12,1,31
BRDA:95,13,0,7
BRDA:95,13,1,5
BRDA:109,14,0,5
BRDA:109,14,1,10
BRDA:109,15,0,15
BRDA:109,15,1,13
BRDA:115,16,0,2
BRDA:115,16,1,3
BRDA:128,17,0,30
BRDA:128,17,1,53
BRDA:128,18,0,83
BRDA:128,18,1,54
BRDA:128,18,2,54
BRDA:136,19,0,9
BRDA:136,19,1,23
BRDA:139,20,0,2
BRDA:139,20,1,46
BRDA:144,21,0,9
BRDA:144,21,1,39
BRF:50
BRH:28
end_of_record
